0 info it worked if it ends with ok
1 verbose cli [ 'C:\\Program Files\\nodejs\\node.exe',
1 verbose cli   'C:\\Program Files\\nodejs\\node_modules\\npm\\bin\\npm-cli.js',
1 verbose cli   'run',
1 verbose cli   'dev' ]
2 info using npm@3.8.9
3 info using node@v6.2.0
4 verbose run-script [ 'predev', 'dev', 'postdev' ]
5 info lifecycle mympvue@1.0.0~predev: mympvue@1.0.0
6 silly lifecycle mympvue@1.0.0~predev: no script for predev, continuing
7 info lifecycle mympvue@1.0.0~dev: mympvue@1.0.0
8 verbose lifecycle mympvue@1.0.0~dev: unsafe-perm in lifecycle true
9 verbose lifecycle mympvue@1.0.0~dev: PATH: C:\Program Files\nodejs\node_modules\npm\bin\node-gyp-bin;D:\myWxProgram\mympvue\node_modules\.bin;C:\Program Files\nodejs;C:\Windows\system32;C:\Windows;C:\Windows\System32\Wbem;C:\Windows\System32\WindowsPowerShell\v1.0\;C:\Program Files\nodejs\;C:\Users\Administrator\AppData\Roaming\npm
10 verbose lifecycle mympvue@1.0.0~dev: CWD: D:\myWxProgram\mympvue
11 silly lifecycle mympvue@1.0.0~dev: Args: [ '/d /s /c', 'node build/dev-server.js wx' ]
12 silly lifecycle mympvue@1.0.0~dev: Returned: code: 1  signal: null
13 info lifecycle mympvue@1.0.0~dev: Failed to exec dev script
14 verbose stack Error: mympvue@1.0.0 dev: `node build/dev-server.js wx`
14 verbose stack Exit status 1
14 verbose stack     at EventEmitter.<anonymous> (C:\Program Files\nodejs\node_modules\npm\lib\utils\lifecycle.js:245:16)
14 verbose stack     at emitTwo (events.js:106:13)
14 verbose stack     at EventEmitter.emit (events.js:191:7)
14 verbose stack     at ChildProcess.<anonymous> (C:\Program Files\nodejs\node_modules\npm\lib\utils\spawn.js:24:14)
14 verbose stack     at emitTwo (events.js:106:13)
14 verbose stack     at ChildProcess.emit (events.js:191:7)
14 verbose stack     at maybeClose (internal/child_process.js:850:16)
14 verbose stack     at Process.ChildProcess._handle.onexit (internal/child_process.js:215:5)
15 verbose pkgid mympvue@1.0.0
16 verbose cwd D:\myWxProgram\mympvue
17 error Windows_NT 6.1.7601
18 error argv "C:\\Program Files\\nodejs\\node.exe" "C:\\Program Files\\nodejs\\node_modules\\npm\\bin\\npm-cli.js" "run" "dev"
19 error node v6.2.0
20 error npm  v3.8.9
21 error code ELIFECYCLE
22 error mympvue@1.0.0 dev: `node build/dev-server.js wx`
22 error Exit status 1
23 error Failed at the mympvue@1.0.0 dev script 'node build/dev-server.js wx'.
23 error Make sure you have the latest version of node.js and npm installed.
23 error If you do, this is most likely a problem with the mympvue package,
23 error not with npm itself.
23 error Tell the author that this fails on your system:
23 error     node build/dev-server.js wx
23 error You can get information on how to open an issue for this project with:
23 error     npm bugs mympvue
23 error Or if that isn't available, you can get their info via:
23 error     npm owner ls mympvue
23 error There is likely additional logging output above.
24 verbose exit [ 1, true ]
